<?xml version='1.0' encoding='UTF-8'?>
<testsuites>
  <testsuite name="Test Suite" device="Medium_Phone_API_36.1" tests="1" failures="1" time="120.0">
    <testcase id="UI Screenshot Audit" name="UI Screenshot Audit" classname="UI Screenshot Audit" time="120.0" status="ERROR">
      <failure>io.grpc.StatusRuntimeException: DEADLINE_EXCEEDED: deadline exceeded after 119.974196167s. [closed=[], open=[[buffered_nanos=119976822833, waiting_for_connection]]]
	at io.grpc.stub.ClientCalls.toStatusRuntimeException(ClientCalls.java:275)
	at io.grpc.stub.ClientCalls.getUnchecked(ClientCalls.java:256)
	at io.grpc.stub.ClientCalls.blockingUnaryCall(ClientCalls.java:169)
	at maestro_android.MaestroDriverGrpc$MaestroDriverBlockingStub.deviceInfo(MaestroDriverGrpc.java:740)
	at maestro.drivers.AndroidDriver.deviceInfo$lambda$4(AndroidDriver.kt:214)
	at maestro.drivers.AndroidDriver.runDeviceCall(AndroidDriver.kt:1265)
	at maestro.drivers.AndroidDriver.deviceInfo(AndroidDriver.kt:213)
	at maestro.Maestro.cachedDeviceInfo_delegate$lambda$0(Maestro.kt:50)
	at kotlin.SynchronizedLazyImpl.getValue(LazyJVM.kt:86)
	at maestro.Maestro.getCachedDeviceInfo(Maestro.kt:48)
	at maestro.orchestra.Orchestra._init_$lambda$11(Orchestra.kt:145)
	at maestro.orchestra.Orchestra.initJsEngine(Orchestra.kt:310)
	at maestro.orchestra.Orchestra.runFlow(Orchestra.kt:169)
	at maestro.cli.runner.TestSuiteInteractor.runFlow(TestSuiteInteractor.kt:245)
	at maestro.cli.runner.TestSuiteInteractor.runTestSuite(TestSuiteInteractor.kt:98)
	at maestro.cli.command.TestCommand.runMultipleFlows(TestCommand.kt:619)
	at maestro.cli.command.TestCommand.access$runMultipleFlows(TestCommand.kt:80)
	at maestro.cli.command.TestCommand$runShardSuite$1$1.invokeSuspend(TestCommand.kt:502)
	at kotlin.coroutines.jvm.internal.BaseContinuationImpl.resumeWith(ContinuationImpl.kt:34)
	at kotlinx.coroutines.DispatchedTask.run(DispatchedTask.kt:104)
	at kotlinx.coroutines.EventLoopImplBase.processNextEvent(EventLoop.common.kt:277)
	at kotlinx.coroutines.BlockingCoroutine.joinBlocking(Builders.kt:95)
	at kotlinx.coroutines.BuildersKt__BuildersKt.runBlocking(Builders.kt:69)
	at kotlinx.coroutines.BuildersKt.runBlocking(Unknown Source)
	at kotlinx.coroutines.BuildersKt__BuildersKt.runBlocking$default(Builders.kt:48)
	at kotlinx.coroutines.BuildersKt.runBlocking$default(Unknown Source)
	at maestro.cli.command.TestCommand.runShardSuite$lambda$10(TestCommand.kt:501)
	at maestro.cli.session.MaestroSessionManager.newSession(MaestroSessionManager.kt:132)
	at maestro.cli.session.MaestroSessionManager.newSession$default(MaestroSessionManager.kt:66)
	at maestro.cli.command.TestCommand.runShardSuite(TestCommand.kt:476)
	at maestro.cli.command.TestCommand.access$runShardSuite(TestCommand.kt:80)
	at maestro.cli.command.TestCommand$handleSessions$1$results$1$1.invokeSuspend(TestCommand.kt:435)
	at kotlin.coroutines.jvm.internal.BaseContinuationImpl.resumeWith(ContinuationImpl.kt:34)
	at kotlinx.coroutines.DispatchedTask.run(DispatchedTask.kt:104)
	at kotlinx.coroutines.internal.LimitedDispatcher$Worker.run(LimitedDispatcher.kt:111)
	at kotlinx.coroutines.scheduling.TaskImpl.run(Tasks.kt:99)
	at kotlinx.coroutines.scheduling.CoroutineScheduler.runSafely(CoroutineScheduler.kt:585)
	at kotlinx.coroutines.scheduling.CoroutineScheduler$Worker.executeTask(CoroutineScheduler.kt:802)
	at kotlinx.coroutines.scheduling.CoroutineScheduler$Worker.runWorker(CoroutineScheduler.kt:706)
	at kotlinx.coroutines.scheduling.CoroutineScheduler$Worker.run(CoroutineScheduler.kt:693)
</failure>
    </testcase>
  </testsuite>
</testsuites>
